<?xml version="1.0" encoding="UTF-8"?>
<!-- Generated by org.testng.reporters.JUnitReportReporter -->
<testsuite skipped="0" hostname="JFSF16135683" name="com.newtour.testpages.NewTourSupportTest" tests="1" failures="0" timestamp="16 Jun 2020 19:09:08 GMT" time="20.559" errors="0">
  <testcase name="supporttest" time="20.559" classname="com.newtour.testpages.NewTourSupportTest"/>
</testsuite> <!-- com.newtour.testpages.NewTourSupportTest -->
