<?xml version="1.0" encoding="UTF-8"?>
<!-- Generated by org.testng.reporters.JUnitReportReporter -->
<testsuite skipped="0" hostname="JFSF16135683" name="com.newtour.testpages.SIgnintest" tests="1" failures="0" timestamp="26 Jun 2020 11:24:03 GMT" time="73.064" errors="0">
  <testcase name="loginsite" time="73.064" classname="com.newtour.testpages.SIgnintest"/>
</testsuite> <!-- com.newtour.testpages.SIgnintest -->
