<?xml version="1.0" encoding="UTF-8"?>
<!-- Generated by org.testng.reporters.JUnitReportReporter -->
<testsuite skipped="0" hostname="JFSF16135683" name="com.newtour.testpages.NewTourRegisterTestPage" tests="2" failures="0" timestamp="15 Jun 2020 18:38:39 GMT" time="119.739" errors="0">
  <testcase name="verifyregistration" time="36.921" classname="com.newtour.testpages.NewTourRegisterTestPage"/>
  <testcase name="verifyregistration" time="82.818" classname="com.newtour.testpages.NewTourRegisterTestPage"/>
</testsuite> <!-- com.newtour.testpages.NewTourRegisterTestPage -->
