<?xml version="1.0" encoding="UTF-8"?>
<!-- Generated by org.testng.reporters.JUnitReportReporter -->
<testsuite skipped="0" hostname="JFSF16135683" name="com.newtour.testpages.NewTourContactTest" tests="1" failures="0" timestamp="07 Jul 2020 12:23:59 GMT" time="15.382" errors="0">
  <testcase name="contact" time="15.382" classname="com.newtour.testpages.NewTourContactTest"/>
</testsuite> <!-- com.newtour.testpages.NewTourContactTest -->
