<?xml version="1.0" encoding="UTF-8"?>
<!-- Generated by org.testng.reporters.JUnitReportReporter -->
<testsuite skipped="0" hostname="JFSF16135683" name="com.newtour.pages.NewTest" tests="1" failures="0" timestamp="07 Jul 2020 12:23:59 GMT" time="0.009" errors="0">
  <testcase name="f" time="0.009" classname="com.newtour.pages.NewTest"/>
</testsuite> <!-- com.newtour.pages.NewTest -->
